<?xml version="1.0" encoding="UTF-8"?>
<testng-results skipped="0" failed="0" total="1" passed="1">
  <reporter-output>
  </reporter-output>
  <suite name="Suite" duration-ms="11548" started-at="2017-06-28T08:29:39Z" finished-at="2017-06-28T08:29:51Z">
    <groups>
    </groups>
    <test name="Test" duration-ms="11548" started-at="2017-06-28T08:29:39Z" finished-at="2017-06-28T08:29:51Z">
      <class name="com.mvntng.TestMvnTng">
        <test-method status="PASS" signature="demoAuto()[pri:0, instance:com.mvntng.TestMvnTng@17e2f02]" name="demoAuto" duration-ms="11512" started-at="2017-06-28T13:59:39Z" finished-at="2017-06-28T13:59:51Z">
          <reporter-output>
          </reporter-output>
        </test-method> <!-- demoAuto -->
      </class> <!-- com.mvntng.TestMvnTng -->
    </test> <!-- Test -->
  </suite> <!-- Suite -->
</testng-results>
